ERROR - 2023-05-08 20:01:44 --> Error connecting to the database: Access denied for user '****'@'localhost' (using password: NO)
CRITICAL - 2023-05-08 20:01:44 --> Unable to connect to the database.
Main connection [MySQLi]: Access denied for user '****'@'localhost' (using password: NO)
#0 /home1/sihoneco/public_html/primetechub/system/Database/BaseConnection.php(625): CodeIgniter\Database\BaseConnection->initialize()
#1 /home1/sihoneco/public_html/primetechub/system/Database/BaseBuilder.php(1881): CodeIgniter\Database\BaseConnection->query('SELECT *\nFROM `...', Array, false)
#2 /home1/sihoneco/public_html/primetechub/system/Model.php(228): CodeIgniter\Database\BaseBuilder->get()
#3 /home1/sihoneco/public_html/primetechub/system/BaseModel.php(644): CodeIgniter\Model->doFirst()
#4 /home1/sihoneco/public_html/primetechub/app/Controllers/Home.php(31): CodeIgniter\BaseModel->first()
#5 /home1/sihoneco/public_html/primetechub/system/CodeIgniter.php(928): App\Controllers\Home->index()
#6 /home1/sihoneco/public_html/primetechub/system/CodeIgniter.php(436): CodeIgniter\CodeIgniter->runController(Object(App\Controllers\Home))
#7 /home1/sihoneco/public_html/primetechub/system/CodeIgniter.php(336): CodeIgniter\CodeIgniter->handleRequest(NULL, Object(Config\Cache), false)
#8 /home1/sihoneco/public_html/primetechub/index.php(45): CodeIgniter\CodeIgniter->run()
#9 {main}
ERROR - 2023-05-08 20:02:05 --> Error connecting to the database: Access denied for user '****'@'localhost' (using password: NO)
CRITICAL - 2023-05-08 20:02:05 --> Unable to connect to the database.
Main connection [MySQLi]: Access denied for user '****'@'localhost' (using password: NO)
#0 /home1/sihoneco/public_html/primetechub/system/Database/BaseConnection.php(625): CodeIgniter\Database\BaseConnection->initialize()
#1 /home1/sihoneco/public_html/primetechub/system/Database/BaseBuilder.php(1881): CodeIgniter\Database\BaseConnection->query('SELECT *\nFROM `...', Array, false)
#2 /home1/sihoneco/public_html/primetechub/system/Model.php(228): CodeIgniter\Database\BaseBuilder->get()
#3 /home1/sihoneco/public_html/primetechub/system/BaseModel.php(644): CodeIgniter\Model->doFirst()
#4 /home1/sihoneco/public_html/primetechub/app/Controllers/Home.php(31): CodeIgniter\BaseModel->first()
#5 /home1/sihoneco/public_html/primetechub/system/CodeIgniter.php(928): App\Controllers\Home->index()
#6 /home1/sihoneco/public_html/primetechub/system/CodeIgniter.php(436): CodeIgniter\CodeIgniter->runController(Object(App\Controllers\Home))
#7 /home1/sihoneco/public_html/primetechub/system/CodeIgniter.php(336): CodeIgniter\CodeIgniter->handleRequest(NULL, Object(Config\Cache), false)
#8 /home1/sihoneco/public_html/primetechub/index.php(45): CodeIgniter\CodeIgniter->run()
#9 {main}
ERROR - 2023-05-08 20:02:06 --> Error connecting to the database: Access denied for user '****'@'localhost' (using password: NO)
CRITICAL - 2023-05-08 20:02:06 --> Unable to connect to the database.
Main connection [MySQLi]: Access denied for user '****'@'localhost' (using password: NO)
#0 /home1/sihoneco/public_html/primetechub/system/Database/BaseConnection.php(625): CodeIgniter\Database\BaseConnection->initialize()
#1 /home1/sihoneco/public_html/primetechub/system/Database/BaseBuilder.php(1881): CodeIgniter\Database\BaseConnection->query('SELECT *\nFROM `...', Array, false)
#2 /home1/sihoneco/public_html/primetechub/system/Model.php(228): CodeIgniter\Database\BaseBuilder->get()
#3 /home1/sihoneco/public_html/primetechub/system/BaseModel.php(644): CodeIgniter\Model->doFirst()
#4 /home1/sihoneco/public_html/primetechub/app/Controllers/Home.php(31): CodeIgniter\BaseModel->first()
#5 /home1/sihoneco/public_html/primetechub/system/CodeIgniter.php(928): App\Controllers\Home->index()
#6 /home1/sihoneco/public_html/primetechub/system/CodeIgniter.php(436): CodeIgniter\CodeIgniter->runController(Object(App\Controllers\Home))
#7 /home1/sihoneco/public_html/primetechub/system/CodeIgniter.php(336): CodeIgniter\CodeIgniter->handleRequest(NULL, Object(Config\Cache), false)
#8 /home1/sihoneco/public_html/primetechub/index.php(45): CodeIgniter\CodeIgniter->run()
#9 {main}
ERROR - 2023-05-08 20:06:21 --> Error connecting to the database: Access denied for user '****'@'localhost' (using password: NO)
CRITICAL - 2023-05-08 20:06:21 --> Unable to connect to the database.
Main connection [MySQLi]: Access denied for user '****'@'localhost' (using password: NO)
#0 /home1/sihoneco/public_html/primetechub/system/Database/BaseConnection.php(625): CodeIgniter\Database\BaseConnection->initialize()
#1 /home1/sihoneco/public_html/primetechub/system/Database/BaseBuilder.php(1881): CodeIgniter\Database\BaseConnection->query('SELECT *\nFROM `...', Array, false)
#2 /home1/sihoneco/public_html/primetechub/system/Model.php(228): CodeIgniter\Database\BaseBuilder->get()
#3 /home1/sihoneco/public_html/primetechub/system/BaseModel.php(644): CodeIgniter\Model->doFirst()
#4 /home1/sihoneco/public_html/primetechub/app/Controllers/Home.php(31): CodeIgniter\BaseModel->first()
#5 /home1/sihoneco/public_html/primetechub/system/CodeIgniter.php(928): App\Controllers\Home->index()
#6 /home1/sihoneco/public_html/primetechub/system/CodeIgniter.php(436): CodeIgniter\CodeIgniter->runController(Object(App\Controllers\Home))
#7 /home1/sihoneco/public_html/primetechub/system/CodeIgniter.php(336): CodeIgniter\CodeIgniter->handleRequest(NULL, Object(Config\Cache), false)
#8 /home1/sihoneco/public_html/primetechub/index.php(45): CodeIgniter\CodeIgniter->run()
#9 {main}
